                         Project -- Build Report

Project Path : D:\SourceCode\_Avery_M031\M031BSP_UART_NSP2340A\SampleCode\Template\NSP2340A_SampleProject\CpuIf\AudioRes.wba
Built time : 2023/05/31 PM 02:16
===============================================================================

-------------------------------------------------------------------------------
  Command indexes definition information
-------------------------------------------------------------------------------
Command indexes are defined in D:\SourceCode\
--> Line number is : 0
--> Max. index number is : -01

-------------------------------------------------------------------------------
  Instruments/Events defined in audio files, by file
-------------------------------------------------------------------------------
-------------------------------------------------------------------------------
  Event(s) defined in audio files, by Event
-------------------------------------------------------------------------------
-------------------------------------------------------------------------------
  Instrument(s) defined in audio files, by Instrument
-------------------------------------------------------------------------------
-------------------------------------------------------------------------------
  Drum(s) defined in audio files, by Drum
-------------------------------------------------------------------------------
-------------------------------------------------------------------------------
  Audio files/equations defined in source files
-------------------------------------------------------------------------------

